0 info it worked if it ends with ok
1 verbose cli [ '/Users/alexisvincent/.nvm/versions/node/v6.5.0/bin/node',
1 verbose cli   '/Users/alexisvincent/.nvm/versions/node/v6.5.0/bin/npm',
1 verbose cli   'run',
1 verbose cli   'dev' ]
2 info using npm@3.10.3
3 info using node@v6.5.0
4 verbose run-script [ 'predev', 'dev', 'postdev' ]
5 info lifecycle sober-css@0.0.1~predev: sober-css@0.0.1
6 silly lifecycle sober-css@0.0.1~predev: no script for predev, continuing
7 info lifecycle sober-css@0.0.1~dev: sober-css@0.0.1
8 verbose lifecycle sober-css@0.0.1~dev: unsafe-perm in lifecycle true
9 verbose lifecycle sober-css@0.0.1~dev: PATH: /Users/alexisvincent/.nvm/versions/node/v6.5.0/lib/node_modules/npm/bin/node-gyp-bin:/Users/alexisvincent/Code/sober-css/node_modules/.bin:/Users/alexisvincent/.nvm/versions/node/v6.5.0/bin:/Applications/google-cloud-sdk/bin:/Users/alexisvincent/.nvm/versions/node/v6.5.0/bin:/usr/local/sbin:/usr/local/bin:/usr/bin:/bin:/usr/sbin:/sbin:/Users/alexisvincent/.local/bin/:/usr/local/opt/gettext/bin:/Users/alexisvincent/.composer/vendor/bin:/Library/TeX/Root/bin/x86_64-darwin/:/Users/alexisvincent/.stack/programs/x86_64-osx/ghc-7.10.3/bin/:/Users/alexisvincent/.local/bin:/Users/alexisvincent/.cabal/bin/
10 verbose lifecycle sober-css@0.0.1~dev: CWD: /Users/alexisvincent/Code/sober-css
11 silly lifecycle sober-css@0.0.1~dev: Args: [ '-c', 'babel lib -d dist --watch' ]
12 silly lifecycle sober-css@0.0.1~dev: Returned: code: 1  signal: null
13 info lifecycle sober-css@0.0.1~dev: Failed to exec dev script
14 verbose stack Error: sober-css@0.0.1 dev: `babel lib -d dist --watch`
14 verbose stack Exit status 1
14 verbose stack     at EventEmitter.<anonymous> (/Users/alexisvincent/.nvm/versions/node/v6.5.0/lib/node_modules/npm/lib/utils/lifecycle.js:242:16)
14 verbose stack     at emitTwo (events.js:106:13)
14 verbose stack     at EventEmitter.emit (events.js:191:7)
14 verbose stack     at ChildProcess.<anonymous> (/Users/alexisvincent/.nvm/versions/node/v6.5.0/lib/node_modules/npm/lib/utils/spawn.js:40:14)
14 verbose stack     at emitTwo (events.js:106:13)
14 verbose stack     at ChildProcess.emit (events.js:191:7)
14 verbose stack     at maybeClose (internal/child_process.js:877:16)
14 verbose stack     at Process.ChildProcess._handle.onexit (internal/child_process.js:226:5)
15 verbose pkgid sober-css@0.0.1
16 verbose cwd /Users/alexisvincent/Code/sober-css
17 error Darwin 16.0.0
18 error argv "/Users/alexisvincent/.nvm/versions/node/v6.5.0/bin/node" "/Users/alexisvincent/.nvm/versions/node/v6.5.0/bin/npm" "run" "dev"
19 error node v6.5.0
20 error npm  v3.10.3
21 error code ELIFECYCLE
22 error sober-css@0.0.1 dev: `babel lib -d dist --watch`
22 error Exit status 1
23 error Failed at the sober-css@0.0.1 dev script 'babel lib -d dist --watch'.
23 error Make sure you have the latest version of node.js and npm installed.
23 error If you do, this is most likely a problem with the sober-css package,
23 error not with npm itself.
23 error Tell the author that this fails on your system:
23 error     babel lib -d dist --watch
23 error You can get information on how to open an issue for this project with:
23 error     npm bugs sober-css
23 error Or if that isn't available, you can get their info via:
23 error     npm owner ls sober-css
23 error There is likely additional logging output above.
24 verbose exit [ 1, true ]
